<?xml version="1.0" encoding="UTF-8"?>
<testsuite name="TestMain" tests="9" skipped="0" failures="0" errors="0" timestamp="2022-05-17T15:58:47" hostname="SAVELUS" time="0.045">
  <properties/>
  <testcase name="testEmptyStringInput()" classname="TestMain" time="0.025"/>
  <testcase name="testPositiveNegativeInput()" classname="TestMain" time="0.003"/>
  <testcase name="testMinInput()" classname="TestMain" time="0.001"/>
  <testcase name="testOctalInput()" classname="TestMain" time="0.001"/>
  <testcase name="testSignPosition()" classname="TestMain" time="0.003"/>
  <testcase name="testHexInput()" classname="TestMain" time="0.002"/>
  <testcase name="testZeroInput()" classname="TestMain" time="0.001"/>
  <testcase name="testMaxInput()" classname="TestMain" time="0.001"/>
  <testcase name="testRandomStringInput()" classname="TestMain" time="0.001"/>
  <system-out><![CDATA[]]></system-out>
  <system-err><![CDATA[]]></system-err>
</testsuite>
